Build started 3/22/2013 8:11:17 PM.
     1>Project "c:\Users\Dylan\documents\visual studio 2010\Projects\395_Project\395_Project\395_Project.vcxproj" on node 2 (build target(s)).
     1>InitializeBuildStatus:
         Creating "Debug\395_Project.unsuccessfulbuild" because "AlwaysCreate" was specified.
       ClCompile:
         c:\Program Files (x86)\Microsoft Visual Studio 10.0\VC\bin\CL.exe /c /ZI /nologo /W3 /WX- /Od /Oy- /D WIN32 /D _DEBUG /D _CONSOLE /D _UNICODE /D UNICODE /Gm /EHsc /RTC1 /MDd /GS /fp:precise /Zc:wchar_t /Zc:forScope /Fo"Debug\\" /Fd"Debug\vc100.pdb" /Gd /TP /analyze- /errorReport:prompt main.cpp
         main.cpp
     1>c:\users\dylan\documents\visual studio 2010\projects\395_project\395_project\myvector.h(2725): warning C4018: '<' : signed/unsigned mismatch
                 c:\users\dylan\documents\visual studio 2010\projects\395_project\395_project\myvector.h(2723) : while compiling class template member function 'int std::MyVector<T>::value_at_position(int)'
                 with
                 [
                     T=int
                 ]
                 c:\users\dylan\documents\visual studio 2010\projects\395_project\395_project\main.cpp(11) : see reference to class template instantiation 'std::MyVector<T>' being compiled
                 with
                 [
                     T=int
                 ]
     1>c:\users\dylan\documents\visual studio 2010\projects\395_project\395_project\myvector.h(2729): warning C4715: 'std::MyVector<int,std::allocator<int> >::value_at_position' : not all control paths return a value
       ManifestResourceCompile:
         All outputs are up-to-date.
       Link:
         c:\Program Files (x86)\Microsoft Visual Studio 10.0\VC\bin\link.exe /ERRORREPORT:PROMPT /OUT:"c:\users\dylan\documents\visual studio 2010\Projects\395_Project\Debug\395_Project.exe" /INCREMENTAL /NOLOGO kernel32.lib user32.lib gdi32.lib winspool.lib comdlg32.lib advapi32.lib shell32.lib ole32.lib oleaut32.lib uuid.lib odbc32.lib odbccp32.lib /MANIFEST /ManifestFile:"Debug\395_Project.exe.intermediate.manifest" /MANIFESTUAC:"level='asInvoker' uiAccess='false'" /DEBUG /PDB:"c:\users\dylan\documents\visual studio 2010\Projects\395_Project\Debug\395_Project.pdb" /SUBSYSTEM:CONSOLE /TLBID:1 /DYNAMICBASE /NXCOMPAT /IMPLIB:"c:\users\dylan\documents\visual studio 2010\Projects\395_Project\Debug\395_Project.lib" /MACHINE:X86 Debug\395_Project.exe.embed.manifest.res
         Debug\main.obj
       Manifest:
         C:\Program Files (x86)\Microsoft SDKs\Windows\v7.0A\bin\mt.exe /nologo /verbose /out:"Debug\395_Project.exe.embed.manifest" /manifest Debug\395_Project.exe.intermediate.manifest
         All outputs are up-to-date.
       LinkEmbedManifest:
         All outputs are up-to-date.
         395_Project.vcxproj -> c:\users\dylan\documents\visual studio 2010\Projects\395_Project\Debug\395_Project.exe
       FinalizeBuildStatus:
         Deleting file "Debug\395_Project.unsuccessfulbuild".
         Touching "Debug\395_Project.lastbuildstate".
     1>Done Building Project "c:\Users\Dylan\documents\visual studio 2010\Projects\395_Project\395_Project\395_Project.vcxproj" (build target(s)).

Build succeeded.

Time Elapsed 00:00:01.15
